#! /usr/share/iverilog-0.9.7/bin/vvp
:ivl_version "0.9.7 " "(v0_9_6)";
:vpi_time_precision + 0;
:vpi_module "system";
:vpi_module "v2005_math";
:vpi_module "va_math";
S_0x162e200 .scope module, "t_pseudo_random_5_bit" "t_pseudo_random_5_bit" 2 3;
 .timescale 0 0;
v0x163f800_0 .net "A", 4 0, v0x160b720_0; 1 drivers
v0x163f8d0_0 .var "clk", 0 0;
v0x163f980_0 .var "load", 4 0;
v0x163fa30_0 .var "rst", 0 0;
S_0x162e2f0 .scope module, "M_UUT" "pseudo_random_5_bit" 2 8, 3 2, S_0x162e200;
 .timescale 0 0;
v0x160b720_0 .var "A", 4 0;
v0x163f610_0 .net "clk", 0 0, v0x163f8d0_0; 1 drivers
v0x163f6b0_0 .net "load", 4 0, v0x163f980_0; 1 drivers
v0x163f750_0 .net "rst", 0 0, v0x163fa30_0; 1 drivers
E_0x162c500/0 .event negedge, v0x163f750_0;
E_0x162c500/1 .event posedge, v0x163f610_0;
E_0x162c500 .event/or E_0x162c500/0, E_0x162c500/1;
    .scope S_0x162e2f0;
T_0 ;
    %wait E_0x162c500;
    %load/v 8, v0x163f750_0, 1;
    %inv 8, 1;
    %jmp/0xz  T_0.0, 8;
    %load/v 8, v0x163f6b0_0, 5;
    %ix/load 0, 5, 0;
    %assign/v0 v0x160b720_0, 0, 8;
    %jmp T_0.1;
T_0.0 ;
    %ix/load 1, 1, 0;
    %mov 4, 0, 1;
    %jmp/1 T_0.2, 4;
    %load/x1p 8, v0x160b720_0, 1;
    %jmp T_0.3;
T_0.2 ;
    %mov 8, 2, 1;
T_0.3 ;
; Save base=8 wid=1 in lookaside.
    %ix/load 1, 4, 0;
    %mov 4, 0, 1;
    %jmp/1 T_0.4, 4;
    %load/x1p 9, v0x160b720_0, 1;
    %jmp T_0.5;
T_0.4 ;
    %mov 9, 2, 1;
T_0.5 ;
; Save base=9 wid=1 in lookaside.
    %xor 8, 9, 1;
    %ix/load 0, 1, 0;
    %ix/load 1, 0, 0;
    %assign/v0/x1 v0x160b720_0, 0, 8;
    %load/v 8, v0x160b720_0, 1; Select 1 out of 5 bits
    %ix/load 1, 1, 0;
    %mov 4, 0, 1;
    %jmp/1 T_0.6, 4;
    %load/x1p 12, v0x160b720_0, 1;
    %jmp T_0.7;
T_0.6 ;
    %mov 12, 2, 1;
T_0.7 ;
    %mov 9, 12, 1; Move signal select into place
    %ix/load 1, 2, 0;
    %mov 4, 0, 1;
    %jmp/1 T_0.8, 4;
    %load/x1p 12, v0x160b720_0, 1;
    %jmp T_0.9;
T_0.8 ;
    %mov 12, 2, 1;
T_0.9 ;
    %mov 10, 12, 1; Move signal select into place
    %ix/load 1, 3, 0;
    %mov 4, 0, 1;
    %jmp/1 T_0.10, 4;
    %load/x1p 12, v0x160b720_0, 1;
    %jmp T_0.11;
T_0.10 ;
    %mov 12, 2, 1;
T_0.11 ;
    %mov 11, 12, 1; Move signal select into place
    %ix/load 0, 4, 0;
    %ix/load 1, 1, 0;
    %assign/v0/x1 v0x160b720_0, 0, 8;
T_0.1 ;
    %jmp T_0;
    .thread T_0;
    .scope S_0x162e200;
T_1 ;
    %delay 5, 0;
    %load/v 8, v0x163f8d0_0, 1;
    %inv 8, 1;
    %set/v v0x163f8d0_0, 8, 1;
    %jmp T_1;
    .thread T_1;
    .scope S_0x162e200;
T_2 ;
    %vpi_call 2 14 "$dumpfile", "random.vcd";
    %vpi_call 2 15 "$dumpvars", 1'sb0, S_0x162e200;
    %vpi_call 2 16 "$monitor", $time, " | rst=%b || A=%b", v0x163fa30_0, v0x163f800_0;
    %set/v v0x163fa30_0, 1, 1;
    %movi 8, 16, 5;
    %set/v v0x163f980_0, 8, 5;
    %set/v v0x163f8d0_0, 0, 1;
    %delay 1, 0;
    %set/v v0x163fa30_0, 0, 1;
    %delay 1, 0;
    %set/v v0x163fa30_0, 1, 1;
    %delay 320, 0;
    %vpi_call 2 20 "$finish";
    %end;
    .thread T_2;
# The file index is used to find the file name in the following table.
:file_names 4;
    "N/A";
    "<interactive>";
    "testbench.sv";
    "design.sv";
